{"tool":"desktop","action":"open_application","success":false,"timestamp":1771156974419}
{"tool":"desktop","action":"open_application","success":false,"timestamp":1771156974422}
{"tool":"system","action":"open_app","success":true,"timestamp":1771157837152}
{"tool":"system","action":"open_app","success":true,"timestamp":1771157837422}
{"tool":"system","action":"open_app","success":true,"timestamp":1771158376587}
{"tool":"system","action":"open_app","success":true,"timestamp":1771158376705}
{"tool":"system","action":"open_app","success":true,"timestamp":1771158376805}
{"tool":"system","action":"open_url","success":true,"timestamp":1771158789253}
{"tool":"system","action":"open_app","success":false,"timestamp":1771158873048}
{"tool":"system","action":"open_app","success":false,"timestamp":1771158873050}
{"tool":"system","action":"open_app","success":false,"timestamp":1771158873052}
{"tool":"system","action":"open_app","success":false,"timestamp":1771159068056}
{"tool":"desktop","action":"type","success":false,"timestamp":1771159068059}
{"tool":"system","action":"open_app","success":true,"timestamp":1771159169588}
{"tool":"system","action":"open_app","success":true,"timestamp":1771159169715}
{"tool":"system","action":"open_app","success":true,"timestamp":1771159169941}
{"tool":"system","action":"open_app","success":true,"timestamp":1771159260701}
{"tool":"desktop","action":"type","success":false,"timestamp":1771159260705}
{"tool":"system","action":"open_app","success":true,"timestamp":1771160758433}
{"tool":"system","action":"open_app","success":true,"timestamp":1771160758538}
{"tool":"system","action":"open_app","success":true,"timestamp":1771160758792}
{"tool":"system","action":"open_url","success":true,"timestamp":1771160871710}
{"tool":"system","action":"open_url","success":true,"timestamp":1771160942539}
{"tool":"system","action":"open_app","success":true,"timestamp":1771161273338}
{"tool":"system","action":"open_app","success":true,"timestamp":1771161323529}
{"tool":"system","action":"open_app","success":true,"timestamp":1771161377594}
{"tool":"system","action":"open_url","success":true,"timestamp":1771161425881}
{"tool":"system","action":"open_url","success":true,"timestamp":1771161499268}
{"tool":"system","action":"open_url","success":true,"timestamp":1771161643948}
{"tool":"system","action":"open_url","success":true,"timestamp":1771161705943}
{"tool":"system","action":"open_app","success":true,"timestamp":1771162140039}
{"tool":"system","action":"open_app","success":true,"timestamp":1771162200621}
{"tool":"system","action":"open_app","success":true,"timestamp":1771162200741}
{"tool":"system","action":"open_url","success":true,"timestamp":1771162200914}
{"tool":"system","action":"open_app","success":true,"timestamp":1771162200961}
{"tool":"system","action":"open_app","success":true,"timestamp":1771162201011}
{"tool":"system","action":"open_app","success":true,"timestamp":1771162259176}
{"tool":"system","action":"open_app","success":true,"timestamp":1771163264026}
{"tool":"desktop","action":"click","success":false,"timestamp":1771163264029}
{"tool":"system","action":"open_url","success":true,"timestamp":1771163264132}
{"tool":"system","action":"open_app","success":true,"timestamp":1771163388560}
{"tool":"system","action":"open_url","success":true,"timestamp":1771163570811}
{"tool":"system","action":"lock","success":true,"timestamp":1771163873567}
{"tool":"system","action":"lock_after","success":false,"timestamp":1771163913191}
{"tool":"system","action":"lock_after","success":true,"timestamp":1771163968645}
{"tool":"system","action":"lock_after","success":true,"timestamp":1771164114133}
{"tool":"system","action":"open_app","success":true,"timestamp":1771167073457}
{"tool":"system","action":"open_app","success":true,"timestamp":1771167073569}
{"tool":"system","action":"open_app","success":true,"timestamp":1771167073678}
{"tool":"system","action":"open_app","success":true,"timestamp":1771167073925}
{"tool":"system","action":"open_app","success":true,"timestamp":1771167074047}
{"tool":"system","action":"open_app","success":true,"timestamp":1771167074094}
{"tool":"system","action":"open_app","success":true,"timestamp":1771167363225}
{"tool":"system","action":"open_app","success":true,"timestamp":1771167363352}
{"tool":"system","action":"open_app","success":true,"timestamp":1771167363457}
{"tool":"system","action":"open_app","success":true,"timestamp":1771167363680}
{"tool":"system","action":"open_app","success":true,"timestamp":1771167363777}
{"tool":"system","action":"open_app","success":true,"timestamp":1771167363836}
{"tool":"system","action":"open_app","success":true,"timestamp":1771167610155}
{"tool":"system","action":"open_app","success":true,"timestamp":1771167670575}
{"tool":"system","action":"open_app","success":true,"timestamp":1771167753164}
{"tool":"system","action":"open_app","success":true,"timestamp":1771167753255}
{"tool":"system","action":"open_url","success":true,"timestamp":1771167811993}
{"tool":"system","action":"lock_after","success":true,"timestamp":1771168182406}
{"tool":"system","action":"lock_after","success":true,"timestamp":1771168302262}
{"tool":"system","action":"open_url","success":true,"timestamp":1771170725987}
{"tool":"system","action":"lock","success":true,"timestamp":1771178511914}
{"tool":"system","action":"open_app","success":true,"timestamp":1771180264223}
{"tool":"system","action":"open_app","success":true,"timestamp":1771194467145}
{"tool":"system","action":"open_app","success":true,"timestamp":1771194467285}
{"tool":"system","action":"open_app","success":true,"timestamp":1771194526660}
{"tool":"system","action":"open_app","success":true,"timestamp":1771194652482}
{"tool":"desktop","action":"close_tab","success":true,"timestamp":1771194652962}
{"tool":"desktop","action":"close_tab","success":true,"timestamp":1771194856106}
{"tool":"system","action":"close_app","success":true,"timestamp":1771195035327}
{"tool":"system","action":"open_app","success":true,"timestamp":1771195035485}
{"tool":"system","action":"open_app","success":true,"timestamp":1771195083059}
{"tool":"system","action":"close_app","success":true,"timestamp":1771195118186}
{"tool":"system","action":"open_app","success":true,"timestamp":1771195118363}
{"tool":"desktop","action":"close_tab","success":true,"timestamp":1771195162113}
{"tool":"system","action":"open_url","success":true,"timestamp":1771195230901}
{"tool":"desktop","action":"close_tab","success":true,"timestamp":1771195263191}
{"tool":"system","action":"open_app","success":true,"timestamp":1771195333360}
{"tool":"system","action":"open_app","success":true,"timestamp":1771195377379}
{"tool":"desktop","action":"close_tab","success":true,"timestamp":1771195413449}
{"tool":"system","action":"lock_after","success":false,"timestamp":1771195942523}
{"tool":"system","action":"close_app","success":true,"timestamp":1771221634338}
{"tool":"system","action":"open_app","success":true,"timestamp":1771221634730}
{"tool":"system","action":"open_app","success":true,"timestamp":1771221806708}
{"tool":"desktop","action":"type","success":false,"timestamp":1771221806713}
{"tool":"desktop","action":"keypress","success":true,"timestamp":1771221806727}
{"tool":"system","action":"open_app","success":true,"timestamp":1771222269114}
{"tool":"desktop","action":"type","success":true,"timestamp":1771222269123}
{"tool":"desktop","action":"keypress","success":true,"timestamp":1771222269135}
{"tool":"system","action":"open_app","success":true,"timestamp":1771223077584}
{"tool":"desktop","action":"type","success":true,"timestamp":1771223083387}
{"tool":"desktop","action":"keypress","success":true,"timestamp":1771223083617}
{"tool":"system","action":"lock_after","success":true,"timestamp":1771223128604}
{"tool":"system","action":"open_url","success":true,"timestamp":1771229782092}
{"tool":"system","action":"open_url","success":true,"timestamp":1771229850146}
{"tool":"desktop","action":"keypress","success":false,"timestamp":1771229850150}
{"tool":"system","action":"open_url","success":true,"timestamp":1771230875818}
{"tool":"desktop","action":"keypress","success":true,"timestamp":1771230881181}
{"tool":"system","action":"open_url","success":true,"timestamp":1771231186547}
{"tool":"desktop","action":"keypress","success":true,"timestamp":1771231191896}
{"tool":"desktop","action":"close_tab","success":true,"timestamp":1771231307475}
{"tool":"system","action":"close_app","success":true,"timestamp":1771231384407}
{"tool":"system","action":"open_url","success":true,"timestamp":1771231941117}
{"tool":"desktop","action":"keypress","success":true,"timestamp":1771231946549}
{"tool":"n8n","action":"execute_workflow","success":false,"timestamp":1771232437863}
{"tool":"desktop","action":"type","success":true,"timestamp":1771232521510}
{"tool":"desktop","action":"keypress","success":true,"timestamp":1771232756158}
{"tool":"desktop","action":"type","success":true,"timestamp":1771232799324}
{"tool":"desktop","action":"keypress","success":true,"timestamp":1771232800554}
{"tool":"desktop","action":"type","success":true,"timestamp":1771232878217}
{"tool":"desktop","action":"keypress","success":true,"timestamp":1771232879494}
{"tool":"system","action":"open_app","success":true,"timestamp":1771232964944}
{"tool":"desktop","action":"type","success":true,"timestamp":1771232968441}
{"tool":"desktop","action":"keypress","success":true,"timestamp":1771232971659}
{"tool":"system","action":"open_url","success":true,"timestamp":1771234007061}
{"tool":"desktop","action":"keypress","success":true,"timestamp":1771234012436}
{"tool":"desktop","action":"keypress","success":true,"timestamp":1771234711564}
{"tool":"system","action":"lock","success":true,"timestamp":1771234812287}
{"tool":"system","action":"open_url","success":true,"timestamp":1771240307962}
{"tool":"desktop","action":"keypress","success":true,"timestamp":1771240311233}
{"tool":"system","action":"open_url","success":true,"timestamp":1771240383886}
{"tool":"desktop","action":"type","success":true,"timestamp":1771240384574}
{"tool":"system","action":"lock_after","success":true,"timestamp":1771240508324}
{"tool":"system","action":"open_url","success":true,"timestamp":1771257416194}
{"tool":"desktop","action":"keypress","success":true,"timestamp":1771257448444}
{"tool":"system","action":"close_app","success":true,"timestamp":1771257497166}
{"tool":"system","action":"open_app","success":true,"timestamp":1771257635961}
{"tool":"system","action":"open_app","success":true,"timestamp":1771257636111}
{"tool":"system","action":"open_app","success":true,"timestamp":1771258772957}
{"tool":"desktop","action":"type","success":true,"timestamp":1771258828379}
{"tool":"desktop","action":"keypress","success":true,"timestamp":1771258830646}
{"tool":"system","action":"open_app","success":true,"timestamp":1771260334481}
{"tool":"desktop","action":"type","success":true,"timestamp":1771260389057}
{"tool":"desktop","action":"keypress","success":true,"timestamp":1771260391337}
{"tool":"desktop","action":"click","success":true,"timestamp":1771260393472}
{"tool":"system","action":"lock_after","success":true,"timestamp":1771261290508}
{"tool":"desktop","action":"keypress","success":true,"timestamp":1771265433536}
{"tool":"desktop","action":"keypress","success":true,"timestamp":1771265482230}
{"tool":"system","action":"lock","success":true,"timestamp":1771297469341}
{"tool":"desktop","action":"type","success":true,"timestamp":1771322756984}
{"tool":"system","action":"open_url","success":true,"timestamp":1771329090846}
{"tool":"desktop","action":"type","success":true,"timestamp":1771329093989}
{"tool":"system","action":"open_app","success":true,"timestamp":1771332204124}
{"tool":"system","action":"close_app","success":true,"timestamp":1771332382561}
{"tool":"system","action":"close_app","success":true,"timestamp":1771332453395}
{"tool":"system","action":"close_app","success":true,"timestamp":1771332590344}
{"tool":"system","action":"close_app","success":true,"timestamp":1771332660227}
{"tool":"system","action":"open_app","success":true,"timestamp":1771343992280}
{"tool":"system","action":"open_url","success":true,"timestamp":1771358303017}
{"tool":"desktop","action":"click","success":true,"timestamp":1771359638208}
{"tool":"desktop","action":"click","success":true,"timestamp":1771359750639}
{"tool":"system","action":"open_url","success":true,"timestamp":1771360030609}
{"tool":"desktop","action":"close_tab","success":true,"timestamp":1771360111412}
{"tool":"system","action":"lock_after","success":true,"timestamp":1771361906286}
{"tool":"system","action":"lock","success":true,"timestamp":1771361906433}
{"tool":"system","action":"lock_after","success":true,"timestamp":1771361962333}
{"tool":"system","action":"lock","success":true,"timestamp":1771361962465}
{"tool":"desktop","action":"click","success":true,"timestamp":1771362071055}
{"tool":"desktop","action":"keypress","success":false,"timestamp":1771387089776}
{"tool":"desktop","action":"keypress","success":false,"timestamp":1771387104410}
{"tool":"system","action":"lock_after","success":false,"timestamp":1771393478242}
{"tool":"system","action":"open_url","success":true,"timestamp":1771395136962}
{"tool":"desktop","action":"keypress","success":true,"timestamp":1771395140299}
{"tool":"system","action":"close_app","success":true,"timestamp":1771419542650}
{"tool":"system","action":"lock","success":true,"timestamp":1771419542826}
{"tool":"system","action":"lock_after","success":false,"timestamp":1771433962780}
{"tool":"system","action":"lock_after","success":false,"timestamp":1771434171712}
{"tool":"system","action":"lock_after","success":false,"timestamp":1771434730696}
{"tool":"system","action":"open_url","success":true,"timestamp":1771490136156}
{"tool":"desktop","action":"keypress","success":true,"timestamp":1771490139495}
{"tool":"system","action":"open_app","success":true,"timestamp":1771522638848}
{"tool":"desktop","action":"click","success":true,"timestamp":1771609349335}
{"tool":"system","action":"open_app","success":true,"timestamp":1771696807941}
{"tool":"system","action":"open_url","success":true,"timestamp":1771697818998}
{"tool":"desktop","action":"type","success":true,"timestamp":1771697819428}
{"tool":"system","action":"open_url","success":true,"timestamp":1771697901099}
{"tool":"system","action":"open_url","success":true,"timestamp":1771705713292}
{"tool":"desktop","action":"type","success":true,"timestamp":1771705713713}
{"tool":"system","action":"open_app","success":true,"timestamp":1771705871332}
{"tool":"system","action":"open_app","success":true,"timestamp":1771705871432}
{"tool":"system","action":"open_app","success":true,"timestamp":1771705871539}
{"tool":"system","action":"open_app","success":true,"timestamp":1771705871745}
{"tool":"desktop","action":"open_url","success":false,"timestamp":1771705871748}
{"tool":"desktop","action":"type","success":false,"timestamp":1771705871755}
{"tool":"desktop","action":"close_tab","success":true,"timestamp":1771705873038}
{"tool":"system","action":"close_app","success":true,"timestamp":1771705873108}
{"tool":"system","action":"open_app","success":true,"timestamp":1771705984295}
{"tool":"desktop","action":"get_active_window","success":true,"timestamp":1771705984297}
{"tool":"desktop","action":"close_tab","success":true,"timestamp":1771705984729}
{"tool":"desktop","action":"close_tab","success":true,"timestamp":1771706040794}
{"tool":"desktop","action":"close_tab","success":true,"timestamp":1771706078687}
{"tool":"desktop","action":"close_tab","success":true,"timestamp":1771706126620}
{"tool":"system","action":"open_app","success":true,"timestamp":1771706819611}
{"tool":"system","action":"open_app","success":true,"timestamp":1771706875233}
{"tool":"system","action":"open_app","success":true,"timestamp":1771706924450}
{"tool":"system","action":"close_app","success":true,"timestamp":1771706968210}
{"tool":"system","action":"open_url","success":true,"timestamp":1771707029653}
{"tool":"desktop","action":"type","success":false,"timestamp":1771707029655}
{"tool":"system","action":"open_app","success":true,"timestamp":1771707069173}
{"tool":"desktop","action":"close_all_tabs","success":true,"timestamp":1771707069694}
{"tool":"system","action":"close_app","success":true,"timestamp":1771707070691}
{"tool":"system","action":"open_app","success":true,"timestamp":1771707070765}
{"tool":"system","action":"open_app","success":true,"timestamp":1771707131086}
{"tool":"system","action":"lock_after","success":true,"timestamp":1771707192524}
{"tool":"system","action":"lock_after","success":false,"timestamp":1771707297705}
{"tool":"system","action":"lock_after","success":false,"timestamp":1771707329421}
{"tool":"system","action":"lock","success":true,"timestamp":1771725863862}
{"tool":"system","action":"open_app","success":true,"timestamp":1771742160007}
{"tool":"system","action":"open_app","success":true,"timestamp":1771742271789}
{"tool":"desktop","action":"type","success":true,"timestamp":1771742275870}
{"tool":"desktop","action":"keypress","success":true,"timestamp":1771742277093}
{"tool":"desktop","action":"click","success":false,"timestamp":1771742277094}
{"tool":"desktop","action":"type","success":true,"timestamp":1771742280529}
{"tool":"desktop","action":"keypress","success":true,"timestamp":1771742281775}
{"tool":"desktop","action":"click","success":true,"timestamp":1771742361291}
{"tool":"desktop","action":"click","success":true,"timestamp":1771743202577}
{"tool":"desktop","action":"click","success":true,"timestamp":1771743693674}
{"tool":"system","action":"open_app","success":true,"timestamp":1771743828632}
{"tool":"desktop","action":"type","success":true,"timestamp":1771743832029}
{"tool":"desktop","action":"keypress","success":true,"timestamp":1771743833247}
{"tool":"desktop","action":"click","success":false,"timestamp":1771743833248}
{"tool":"memory","action":"recall","success":false,"timestamp":1771744217175}
{"tool":"desktop","action":"keypress","success":true,"timestamp":1771744388705}
{"tool":"desktop","action":"scroll","success":true,"timestamp":1771744389148}
{"tool":"desktop","action":"click","success":true,"timestamp":1771744469962}
{"tool":"desktop","action":"click","success":true,"timestamp":1771744513332}
{"tool":"desktop","action":"type","success":true,"timestamp":1771744588664}
{"tool":"desktop","action":"click","success":true,"timestamp":1771744659076}
{"tool":"desktop","action":"type","success":true,"timestamp":1771744663415}
{"tool":"desktop","action":"type","success":false,"timestamp":1771744708971}
{"tool":"desktop","action":"keypress","success":true,"timestamp":1771744709169}
{"tool":"desktop","action":"type","success":true,"timestamp":1771744765751}
{"tool":"system","action":"open_app","success":true,"timestamp":1771876773548}
{"tool":"system","action":"open_app","success":true,"timestamp":1771876773847}
{"tool":"system","action":"open_url","success":true,"timestamp":1771876774094}
{"tool":"system","action":"open_app","success":true,"timestamp":1771876775686}
{"tool":"system","action":"open_app","success":true,"timestamp":1771876775901}
{"tool":"system","action":"open_app","success":true,"timestamp":1771876776068}
{"tool":"desktop","action":"type","success":true,"timestamp":1771879904632}
{"tool":"desktop","action":"keypress","success":true,"timestamp":1771879906921}
{"tool":"desktop","action":"type","success":true,"timestamp":1771879926682}
{"tool":"desktop","action":"keypress","success":true,"timestamp":1771879928915}
{"tool":"desktop","action":"type","success":true,"timestamp":1771879948657}
{"tool":"desktop","action":"keypress","success":true,"timestamp":1771879950918}
{"tool":"desktop","action":"type","success":true,"timestamp":1771879971048}
{"tool":"desktop","action":"keypress","success":true,"timestamp":1771879973286}
{"tool":"desktop","action":"type","success":true,"timestamp":1771881668367}
{"tool":"desktop","action":"keypress","success":true,"timestamp":1771881670654}
{"tool":"desktop","action":"type","success":true,"timestamp":1771881810513}
{"tool":"system","action":"close_app","success":true,"timestamp":1771882035529}
{"tool":"system","action":"close_app","success":true,"timestamp":1771882102917}
{"tool":"system","action":"close_app","success":true,"timestamp":1771882149435}
{"tool":"system","action":"open_app","success":true,"timestamp":1771913739372}
{"tool":"desktop","action":"type","success":true,"timestamp":1771946776443}
{"tool":"desktop","action":"keypress","success":true,"timestamp":1771946779851}
{"tool":"desktop","action":"keypress","success":true,"timestamp":1771947121963}
{"tool":"desktop","action":"keypress","success":true,"timestamp":1771947125080}
{"tool":"desktop","action":"keypress","success":true,"timestamp":1771950155294}
{"tool":"desktop","action":"keypress","success":true,"timestamp":1771950155541}
{"tool":"desktop","action":"type","success":true,"timestamp":1771950155975}
{"tool":"desktop","action":"keypress","success":true,"timestamp":1771950156256}
{"tool":"desktop","action":"scroll","success":true,"timestamp":1771950856698}
{"tool":"desktop","action":"scroll","success":true,"timestamp":1771950860010}
{"tool":"desktop","action":"scroll","success":true,"timestamp":1771951527976}
{"tool":"desktop","action":"type","success":true,"timestamp":1771951573324}
{"tool":"desktop","action":"scroll","success":true,"timestamp":1771951830838}
{"tool":"desktop","action":"scroll","success":true,"timestamp":1771951834223}
{"tool":"desktop","action":"scroll","success":true,"timestamp":1771951850168}
{"tool":"desktop","action":"scroll","success":true,"timestamp":1771951853077}
{"tool":"desktop","action":"type","success":true,"timestamp":1771951959624}
{"tool":"desktop","action":"type","success":true,"timestamp":1771951966534}
{"tool":"desktop","action":"type","success":true,"timestamp":1771952012736}
{"tool":"desktop","action":"type","success":true,"timestamp":1771952019675}
{"tool":"desktop","action":"type","success":true,"timestamp":1771952091117}
{"tool":"desktop","action":"type","success":true,"timestamp":1771952098057}
{"tool":"desktop","action":"keypress","success":true,"timestamp":1771952244899}
{"tool":"desktop","action":"type","success":true,"timestamp":1771952280524}
{"tool":"desktop","action":"type","success":true,"timestamp":1771952286335}
{"tool":"desktop","action":"type","success":true,"timestamp":1771952770910}
{"tool":"desktop","action":"keypress","success":true,"timestamp":1771952771135}
{"tool":"desktop","action":"scroll","success":true,"timestamp":1771952826678}
{"tool":"desktop","action":"scroll","success":true,"timestamp":1771952829850}
{"tool":"desktop","action":"scroll","success":true,"timestamp":1771952846929}
{"tool":"desktop","action":"scroll","success":true,"timestamp":1771952850192}
{"tool":"desktop","action":"type","success":true,"timestamp":1771953443832}
{"tool":"system","action":"open_app","success":false,"timestamp":1771953518990}
{"tool":"system","action":"open_app","success":false,"timestamp":1771953518998}
{"tool":"system","action":"open_app","success":false,"timestamp":1771953519001}
{"tool":"system","action":"open_app","success":false,"timestamp":1771953519007}
{"tool":"system","action":"open_url","success":true,"timestamp":1771953519275}
{"tool":"desktop","action":"type","success":true,"timestamp":1771954212170}
{"tool":"desktop","action":"keypress","success":true,"timestamp":1771954212463}
{"tool":"desktop","action":"scroll","success":true,"timestamp":1771954248286}
{"tool":"desktop","action":"scroll","success":true,"timestamp":1771954251494}
{"tool":"system","action":"open_app","success":true,"timestamp":1771954361860}
{"tool":"system","action":"open_app","success":true,"timestamp":1771954361984}
{"tool":"system","action":"open_app","success":true,"timestamp":1771954362100}
{"tool":"system","action":"open_app","success":true,"timestamp":1771954362174}
{"tool":"system","action":"open_url","success":true,"timestamp":1771954362296}
{"tool":"desktop","action":"scroll","success":true,"timestamp":1771954752612}
{"tool":"desktop","action":"scroll","success":true,"timestamp":1771955057903}
{"tool":"desktop","action":"click","success":true,"timestamp":1771960036335}
{"tool":"desktop","action":"click","success":true,"timestamp":1771960454533}
{"tool":"desktop","action":"click","success":true,"timestamp":1771960672123}
{"tool":"desktop","action":"click","success":true,"timestamp":1771960815825}
{"tool":"desktop","action":"click","success":true,"timestamp":1771961924169}
{"tool":"desktop","action":"click","success":true,"timestamp":1771961994099}
{"tool":"desktop","action":"click","success":true,"timestamp":1771964120289}
{"tool":"desktop","action":"click","success":false,"timestamp":1771964360884}
{"tool":"desktop","action":"click","success":false,"timestamp":1771964436952}
{"tool":"desktop","action":"click","success":false,"timestamp":1771964440467}
{"tool":"desktop","action":"click","success":false,"timestamp":1771964514715}
{"tool":"desktop","action":"click","success":false,"timestamp":1771964517866}
{"tool":"desktop","action":"click","success":false,"timestamp":1771964666172}
{"tool":"desktop","action":"click","success":false,"timestamp":1771964932690}
{"tool":"desktop","action":"click","success":false,"timestamp":1771965173524}
{"tool":"desktop","action":"click","success":false,"timestamp":1771965251486}
{"tool":"desktop","action":"click","success":false,"timestamp":1771965400379}
{"tool":"desktop","action":"click","success":false,"timestamp":1771965403301}
{"tool":"desktop","action":"click","success":true,"timestamp":1771965869967}
{"tool":"desktop","action":"click","success":true,"timestamp":1771966076038}
{"tool":"desktop","action":"click","success":true,"timestamp":1771966333028}
{"tool":"desktop","action":"click","success":true,"timestamp":1771966374572}
{"tool":"desktop","action":"click","success":true,"timestamp":1771966600217}
{"tool":"desktop","action":"click","success":true,"timestamp":1771966803747}
{"tool":"desktop","action":"click","success":true,"timestamp":1771966808216}
{"tool":"desktop","action":"click","success":true,"timestamp":1771967086312}
{"tool":"desktop","action":"click","success":true,"timestamp":1771968261590}
{"tool":"desktop","action":"click","success":true,"timestamp":1771968265338}
{"tool":"desktop","action":"click","success":true,"timestamp":1771968299016}
{"tool":"desktop","action":"click","success":true,"timestamp":1771968302944}
{"tool":"desktop","action":"click","success":true,"timestamp":1771968514373}
{"tool":"desktop","action":"click","success":true,"timestamp":1771968518542}
{"tool":"desktop","action":"click","success":true,"timestamp":1771992384209}
{"tool":"desktop","action":"click","success":true,"timestamp":1771992389505}
{"tool":"desktop","action":"click","success":true,"timestamp":1771992440017}
{"tool":"desktop","action":"click","success":true,"timestamp":1771992445156}
{"tool":"desktop","action":"click","success":true,"timestamp":1771992768127}
{"tool":"desktop","action":"click","success":true,"timestamp":1771992772739}
{"tool":"desktop","action":"click","success":true,"timestamp":1771992826278}
{"tool":"desktop","action":"click","success":true,"timestamp":1771992830888}
{"tool":"desktop","action":"click","success":true,"timestamp":1771992988120}
{"tool":"desktop","action":"click","success":true,"timestamp":1771993183904}
{"tool":"desktop","action":"click","success":true,"timestamp":1771993188566}
{"tool":"desktop","action":"click","success":true,"timestamp":1771993399519}
{"tool":"desktop","action":"click","success":true,"timestamp":1771993404836}
{"tool":"desktop","action":"click","success":true,"timestamp":1771998390856}
{"tool":"desktop","action":"click","success":true,"timestamp":1771998395003}
{"tool":"system","action":"open_app","success":true,"timestamp":1773145870018}
{"tool":"system","action":"open_app","success":true,"timestamp":1773145900393}
{"tool":"desktop","action":"type","success":true,"timestamp":1773145901337}
{"tool":"desktop","action":"keypress","success":true,"timestamp":1773145901616}
{"tool":"system","action":"close_app","success":true,"timestamp":1773145902925}
{"tool":"system","action":"open_app","success":true,"timestamp":1773145929740}
{"tool":"desktop","action":"type","success":true,"timestamp":1773145932141}
{"tool":"desktop","action":"keypress","success":true,"timestamp":1773145932362}
{"tool":"system","action":"close_app","success":true,"timestamp":1773145932627}
{"tool":"desktop","action":"keypress","success":false,"timestamp":1773434231229}
{"tool":"desktop","action":"keypress","success":true,"timestamp":1773434231583}
{"tool":"desktop","action":"keypress","success":true,"timestamp":1773434231834}
{"tool":"system","action":"open_url","success":true,"timestamp":1773595067559}
{"tool":"system","action":"open_url","success":true,"timestamp":1773653250132}
{"tool":"desktop","action":"type","success":true,"timestamp":1773653258846}
{"tool":"desktop","action":"keypress","success":true,"timestamp":1773653259139}
{"tool":"desktop","action":"scroll","success":true,"timestamp":1773653259168}
{"tool":"system","action":"open_url","success":true,"timestamp":1773653259412}
{"tool":"desktop","action":"type","success":true,"timestamp":1773653265629}
{"tool":"desktop","action":"keypress","success":true,"timestamp":1773653265892}
{"tool":"desktop","action":"scroll","success":true,"timestamp":1773653265906}
{"tool":"system","action":"open_url","success":true,"timestamp":1773653266467}
{"tool":"desktop","action":"type","success":true,"timestamp":1773653276938}
{"tool":"desktop","action":"keypress","success":true,"timestamp":1773653277127}
{"tool":"desktop","action":"scroll","success":true,"timestamp":1773653277157}
{"tool":"system","action":"open_url","success":true,"timestamp":1773653277367}
{"tool":"desktop","action":"type","success":true,"timestamp":1773653284981}
{"tool":"desktop","action":"keypress","success":true,"timestamp":1773653285261}
{"tool":"desktop","action":"scroll","success":true,"timestamp":1773653285288}
{"tool":"system","action":"open_app","success":true,"timestamp":1773653285543}
{"tool":"desktop","action":"type","success":true,"timestamp":1773653391877}
{"tool":"desktop","action":"keypress","success":true,"timestamp":1773653392143}
{"tool":"system","action":"open_url","success":true,"timestamp":1773653486501}
{"tool":"desktop","action":"scroll","success":true,"timestamp":1773653486540}
{"tool":"desktop","action":"click","success":false,"timestamp":1773653486544}
{"tool":"desktop","action":"type","success":true,"timestamp":1773653495147}
{"tool":"desktop","action":"keypress","success":true,"timestamp":1773653495414}
{"tool":"desktop","action":"scroll","success":true,"timestamp":1773653495444}
{"tool":"system","action":"open_url","success":true,"timestamp":1773653495686}
{"tool":"desktop","action":"scroll","success":true,"timestamp":1773653495707}
{"tool":"desktop","action":"click","success":false,"timestamp":1773653495711}
{"tool":"desktop","action":"scroll","success":true,"timestamp":1773653495739}
{"tool":"system","action":"open_app","success":true,"timestamp":1773653495930}
{"tool":"desktop","action":"type","success":true,"timestamp":1773653638524}
{"tool":"desktop","action":"keypress","success":true,"timestamp":1773653638709}
{"tool":"system","action":"open_app","success":true,"timestamp":1773654099384}
{"tool":"desktop","action":"type","success":true,"timestamp":1773654253908}
{"tool":"desktop","action":"keypress","success":true,"timestamp":1773654254167}
{"tool":"system","action":"open_app","success":true,"timestamp":1773667639570}
{"tool":"desktop","action":"type","success":true,"timestamp":1773667812746}
{"tool":"system","action":"open_app","success":true,"timestamp":1773824916042}
{"tool":"system","action":"open_url","success":true,"timestamp":1773824940611}
{"tool":"system","action":"open_url","success":true,"timestamp":1773825077210}
{"tool":"system","action":"open_url","success":true,"timestamp":1773826487024}
{"tool":"desktop","action":"click","success":false,"timestamp":1773826487027}
{"tool":"desktop","action":"click","success":false,"timestamp":1773826487027}
{"tool":"system","action":"open_app","success":true,"timestamp":1773827267038}
{"tool":"desktop","action":"type","success":true,"timestamp":1773827392523}
{"tool":"desktop","action":"keypress","success":true,"timestamp":1773827392751}
{"tool":"system","action":"open_url","success":true,"timestamp":1773828617369}
{"tool":"desktop","action":"type","success":true,"timestamp":1773828899557}
{"tool":"desktop","action":"type","success":true,"timestamp":1774068847537}
{"tool":"desktop","action":"type","success":true,"timestamp":1774068889400}
{"tool":"desktop","action":"type","success":true,"timestamp":1774185326313}
{"tool":"desktop","action":"keypress","success":true,"timestamp":1774185326538}
{"tool":"system","action":"open_url","success":true,"timestamp":1774186121593}
{"tool":"desktop","action":"type","success":true,"timestamp":1774186125221}
{"tool":"desktop","action":"keypress","success":true,"timestamp":1774186125467}
{"tool":"desktop","action":"type","success":true,"timestamp":1774186127576}
{"tool":"desktop","action":"keypress","success":true,"timestamp":1774186127824}
{"tool":"system","action":"open_app","success":true,"timestamp":1774188274601}
