{"tool":"desktop","action":"open_application","success":false,"timestamp":1771156974419}
{"tool":"desktop","action":"open_application","success":false,"timestamp":1771156974422}
{"tool":"system","action":"open_app","success":true,"timestamp":1771157837152}
{"tool":"system","action":"open_app","success":true,"timestamp":1771157837422}
{"tool":"system","action":"open_app","success":true,"timestamp":1771158376587}
{"tool":"system","action":"open_app","success":true,"timestamp":1771158376705}
{"tool":"system","action":"open_app","success":true,"timestamp":1771158376805}
{"tool":"system","action":"open_url","success":true,"timestamp":1771158789253}
{"tool":"system","action":"open_app","success":false,"timestamp":1771158873048}
{"tool":"system","action":"open_app","success":false,"timestamp":1771158873050}
{"tool":"system","action":"open_app","success":false,"timestamp":1771158873052}
{"tool":"system","action":"open_app","success":false,"timestamp":1771159068056}
{"tool":"desktop","action":"type","success":false,"timestamp":1771159068059}
{"tool":"system","action":"open_app","success":true,"timestamp":1771159169588}
{"tool":"system","action":"open_app","success":true,"timestamp":1771159169715}
{"tool":"system","action":"open_app","success":true,"timestamp":1771159169941}
{"tool":"system","action":"open_app","success":true,"timestamp":1771159260701}
{"tool":"desktop","action":"type","success":false,"timestamp":1771159260705}
{"tool":"system","action":"open_app","success":true,"timestamp":1771160758433}
{"tool":"system","action":"open_app","success":true,"timestamp":1771160758538}
{"tool":"system","action":"open_app","success":true,"timestamp":1771160758792}
{"tool":"system","action":"open_url","success":true,"timestamp":1771160871710}
{"tool":"system","action":"open_url","success":true,"timestamp":1771160942539}
{"tool":"system","action":"open_app","success":true,"timestamp":1771161273338}
{"tool":"system","action":"open_app","success":true,"timestamp":1771161323529}
{"tool":"system","action":"open_app","success":true,"timestamp":1771161377594}
{"tool":"system","action":"open_url","success":true,"timestamp":1771161425881}
{"tool":"system","action":"open_url","success":true,"timestamp":1771161499268}
{"tool":"system","action":"open_url","success":true,"timestamp":1771161643948}
{"tool":"system","action":"open_url","success":true,"timestamp":1771161705943}
{"tool":"system","action":"open_app","success":true,"timestamp":1771162140039}
{"tool":"system","action":"open_app","success":true,"timestamp":1771162200621}
{"tool":"system","action":"open_app","success":true,"timestamp":1771162200741}
{"tool":"system","action":"open_url","success":true,"timestamp":1771162200914}
{"tool":"system","action":"open_app","success":true,"timestamp":1771162200961}
{"tool":"system","action":"open_app","success":true,"timestamp":1771162201011}
{"tool":"system","action":"open_app","success":true,"timestamp":1771162259176}
{"tool":"system","action":"open_app","success":true,"timestamp":1771163264026}
{"tool":"desktop","action":"click","success":false,"timestamp":1771163264029}
{"tool":"system","action":"open_url","success":true,"timestamp":1771163264132}
{"tool":"system","action":"open_app","success":true,"timestamp":1771163388560}
{"tool":"system","action":"open_url","success":true,"timestamp":1771163570811}
{"tool":"system","action":"lock","success":true,"timestamp":1771163873567}
{"tool":"system","action":"lock_after","success":false,"timestamp":1771163913191}
{"tool":"system","action":"lock_after","success":true,"timestamp":1771163968645}
{"tool":"system","action":"lock_after","success":true,"timestamp":1771164114133}
{"tool":"system","action":"open_app","success":true,"timestamp":1771167073457}
{"tool":"system","action":"open_app","success":true,"timestamp":1771167073569}
{"tool":"system","action":"open_app","success":true,"timestamp":1771167073678}
{"tool":"system","action":"open_app","success":true,"timestamp":1771167073925}
{"tool":"system","action":"open_app","success":true,"timestamp":1771167074047}
{"tool":"system","action":"open_app","success":true,"timestamp":1771167074094}
{"tool":"system","action":"open_app","success":true,"timestamp":1771167363225}
{"tool":"system","action":"open_app","success":true,"timestamp":1771167363352}
{"tool":"system","action":"open_app","success":true,"timestamp":1771167363457}
{"tool":"system","action":"open_app","success":true,"timestamp":1771167363680}
{"tool":"system","action":"open_app","success":true,"timestamp":1771167363777}
{"tool":"system","action":"open_app","success":true,"timestamp":1771167363836}
{"tool":"system","action":"open_app","success":true,"timestamp":1771167610155}
{"tool":"system","action":"open_app","success":true,"timestamp":1771167670575}
{"tool":"system","action":"open_app","success":true,"timestamp":1771167753164}
{"tool":"system","action":"open_app","success":true,"timestamp":1771167753255}
{"tool":"system","action":"open_url","success":true,"timestamp":1771167811993}
{"tool":"system","action":"lock_after","success":true,"timestamp":1771168182406}
{"tool":"system","action":"lock_after","success":true,"timestamp":1771168302262}
{"tool":"system","action":"open_url","success":true,"timestamp":1771170725987}
{"tool":"system","action":"lock","success":true,"timestamp":1771178511914}
{"tool":"system","action":"open_app","success":true,"timestamp":1771180264223}
{"tool":"system","action":"open_app","success":true,"timestamp":1771194467145}
{"tool":"system","action":"open_app","success":true,"timestamp":1771194467285}
{"tool":"system","action":"open_app","success":true,"timestamp":1771194526660}
{"tool":"system","action":"open_app","success":true,"timestamp":1771194652482}
{"tool":"desktop","action":"close_tab","success":true,"timestamp":1771194652962}
{"tool":"desktop","action":"close_tab","success":true,"timestamp":1771194856106}
{"tool":"system","action":"close_app","success":true,"timestamp":1771195035327}
{"tool":"system","action":"open_app","success":true,"timestamp":1771195035485}
{"tool":"system","action":"open_app","success":true,"timestamp":1771195083059}
{"tool":"system","action":"close_app","success":true,"timestamp":1771195118186}
{"tool":"system","action":"open_app","success":true,"timestamp":1771195118363}
{"tool":"desktop","action":"close_tab","success":true,"timestamp":1771195162113}
{"tool":"system","action":"open_url","success":true,"timestamp":1771195230901}
{"tool":"desktop","action":"close_tab","success":true,"timestamp":1771195263191}
{"tool":"system","action":"open_app","success":true,"timestamp":1771195333360}
{"tool":"system","action":"open_app","success":true,"timestamp":1771195377379}
{"tool":"desktop","action":"close_tab","success":true,"timestamp":1771195413449}
{"tool":"system","action":"lock_after","success":false,"timestamp":1771195942523}
{"tool":"system","action":"close_app","success":true,"timestamp":1771221634338}
{"tool":"system","action":"open_app","success":true,"timestamp":1771221634730}
{"tool":"system","action":"open_app","success":true,"timestamp":1771221806708}
{"tool":"desktop","action":"type","success":false,"timestamp":1771221806713}
{"tool":"desktop","action":"keypress","success":true,"timestamp":1771221806727}
{"tool":"system","action":"open_app","success":true,"timestamp":1771222269114}
{"tool":"desktop","action":"type","success":true,"timestamp":1771222269123}
{"tool":"desktop","action":"keypress","success":true,"timestamp":1771222269135}
{"tool":"system","action":"open_app","success":true,"timestamp":1771223077584}
{"tool":"desktop","action":"type","success":true,"timestamp":1771223083387}
{"tool":"desktop","action":"keypress","success":true,"timestamp":1771223083617}
{"tool":"system","action":"lock_after","success":true,"timestamp":1771223128604}
{"tool":"system","action":"open_url","success":true,"timestamp":1771229782092}
{"tool":"system","action":"open_url","success":true,"timestamp":1771229850146}
{"tool":"desktop","action":"keypress","success":false,"timestamp":1771229850150}
{"tool":"system","action":"open_url","success":true,"timestamp":1771230875818}
{"tool":"desktop","action":"keypress","success":true,"timestamp":1771230881181}
{"tool":"system","action":"open_url","success":true,"timestamp":1771231186547}
{"tool":"desktop","action":"keypress","success":true,"timestamp":1771231191896}
{"tool":"desktop","action":"close_tab","success":true,"timestamp":1771231307475}
{"tool":"system","action":"close_app","success":true,"timestamp":1771231384407}
{"tool":"system","action":"open_url","success":true,"timestamp":1771231941117}
{"tool":"desktop","action":"keypress","success":true,"timestamp":1771231946549}
{"tool":"n8n","action":"execute_workflow","success":false,"timestamp":1771232437863}
{"tool":"desktop","action":"type","success":true,"timestamp":1771232521510}
{"tool":"desktop","action":"keypress","success":true,"timestamp":1771232756158}
{"tool":"desktop","action":"type","success":true,"timestamp":1771232799324}
{"tool":"desktop","action":"keypress","success":true,"timestamp":1771232800554}
{"tool":"desktop","action":"type","success":true,"timestamp":1771232878217}
{"tool":"desktop","action":"keypress","success":true,"timestamp":1771232879494}
{"tool":"system","action":"open_app","success":true,"timestamp":1771232964944}
{"tool":"desktop","action":"type","success":true,"timestamp":1771232968441}
{"tool":"desktop","action":"keypress","success":true,"timestamp":1771232971659}
{"tool":"system","action":"open_url","success":true,"timestamp":1771234007061}
{"tool":"desktop","action":"keypress","success":true,"timestamp":1771234012436}
{"tool":"desktop","action":"keypress","success":true,"timestamp":1771234711564}
{"tool":"system","action":"lock","success":true,"timestamp":1771234812287}
{"tool":"system","action":"open_url","success":true,"timestamp":1771240307962}
{"tool":"desktop","action":"keypress","success":true,"timestamp":1771240311233}
{"tool":"system","action":"open_url","success":true,"timestamp":1771240383886}
{"tool":"desktop","action":"type","success":true,"timestamp":1771240384574}
{"tool":"system","action":"lock_after","success":true,"timestamp":1771240508324}
{"tool":"system","action":"open_url","success":true,"timestamp":1771257416194}
{"tool":"desktop","action":"keypress","success":true,"timestamp":1771257448444}
{"tool":"system","action":"close_app","success":true,"timestamp":1771257497166}
{"tool":"system","action":"open_app","success":true,"timestamp":1771257635961}
{"tool":"system","action":"open_app","success":true,"timestamp":1771257636111}
{"tool":"system","action":"open_app","success":true,"timestamp":1771258772957}
{"tool":"desktop","action":"type","success":true,"timestamp":1771258828379}
{"tool":"desktop","action":"keypress","success":true,"timestamp":1771258830646}
{"tool":"system","action":"open_app","success":true,"timestamp":1771260334481}
{"tool":"desktop","action":"type","success":true,"timestamp":1771260389057}
{"tool":"desktop","action":"keypress","success":true,"timestamp":1771260391337}
{"tool":"desktop","action":"click","success":true,"timestamp":1771260393472}
{"tool":"system","action":"lock_after","success":true,"timestamp":1771261290508}
{"tool":"desktop","action":"keypress","success":true,"timestamp":1771265433536}
{"tool":"desktop","action":"keypress","success":true,"timestamp":1771265482230}
{"tool":"system","action":"lock","success":true,"timestamp":1771297469341}
{"tool":"desktop","action":"type","success":true,"timestamp":1771322756984}
{"tool":"system","action":"open_url","success":true,"timestamp":1771329090846}
{"tool":"desktop","action":"type","success":true,"timestamp":1771329093989}
{"tool":"system","action":"open_app","success":true,"timestamp":1771332204124}
{"tool":"system","action":"close_app","success":true,"timestamp":1771332382561}
{"tool":"system","action":"close_app","success":true,"timestamp":1771332453395}
{"tool":"system","action":"close_app","success":true,"timestamp":1771332590344}
{"tool":"system","action":"close_app","success":true,"timestamp":1771332660227}
{"tool":"system","action":"open_app","success":true,"timestamp":1771343992280}
{"tool":"system","action":"open_url","success":true,"timestamp":1771358303017}
{"tool":"desktop","action":"click","success":true,"timestamp":1771359638208}
{"tool":"desktop","action":"click","success":true,"timestamp":1771359750639}
{"tool":"system","action":"open_url","success":true,"timestamp":1771360030609}
{"tool":"desktop","action":"close_tab","success":true,"timestamp":1771360111412}
{"tool":"system","action":"lock_after","success":true,"timestamp":1771361906286}
{"tool":"system","action":"lock","success":true,"timestamp":1771361906433}
{"tool":"system","action":"lock_after","success":true,"timestamp":1771361962333}
{"tool":"system","action":"lock","success":true,"timestamp":1771361962465}
{"tool":"desktop","action":"click","success":true,"timestamp":1771362071055}
{"tool":"desktop","action":"keypress","success":false,"timestamp":1771387089776}
{"tool":"desktop","action":"keypress","success":false,"timestamp":1771387104410}
{"tool":"system","action":"lock_after","success":false,"timestamp":1771393478242}
{"tool":"system","action":"open_url","success":true,"timestamp":1771395136962}
{"tool":"desktop","action":"keypress","success":true,"timestamp":1771395140299}
{"tool":"system","action":"close_app","success":true,"timestamp":1771419542650}
{"tool":"system","action":"lock","success":true,"timestamp":1771419542826}
{"tool":"system","action":"lock_after","success":false,"timestamp":1771433962780}
{"tool":"system","action":"lock_after","success":false,"timestamp":1771434171712}
{"tool":"system","action":"lock_after","success":false,"timestamp":1771434730696}
{"tool":"system","action":"open_url","success":true,"timestamp":1771490136156}
{"tool":"desktop","action":"keypress","success":true,"timestamp":1771490139495}
{"tool":"system","action":"open_app","success":true,"timestamp":1771522638848}
{"tool":"desktop","action":"click","success":true,"timestamp":1771609349335}
