[2026-02-16T06:03:26.719Z] {"tool":"desktop","action":"keypress"}
[2026-02-16T06:11:09.120Z] {"tool":"desktop","action":"type","params":{"text":"https://hello.iitk.ac.in","delay_ms":1000}}
[2026-02-16T06:11:09.129Z] {"tool":"desktop","action":"keypress","params":{"key":"enter"}}
[2026-02-16T06:24:43.379Z] {"tool":"desktop","action":"type","content":"https://hello.iitk.ac.in"}
[2026-02-16T06:24:43.608Z] {"tool":"desktop","action":"keypress","key":"enter"}
[2026-02-16T08:34:41.179Z] {"tool":"desktop","action":"keypress","key":"enter","delay_ms":5000}
[2026-02-16T08:39:51.883Z] {"tool":"desktop","action":"keypress","key":"enter","delay_ms":5000}
[2026-02-16T08:52:26.548Z] {"tool":"desktop","action":"keypress","key":"enter","delay_ms":5000}
[2026-02-16T09:02:01.507Z] {"tool":"desktop","action":"type","content":"Mahendra Singh Dhoni"}
[2026-02-16T09:05:56.157Z] {"tool":"desktop","action":"keypress","key":"enter","delay_ms":500}
[2026-02-16T09:06:39.322Z] {"tool":"desktop","action":"type","content":"Mahindra Bhoni"}
[2026-02-16T09:06:40.552Z] {"tool":"desktop","action":"keypress","key":"enter","delay_ms":1000}
[2026-02-16T09:07:58.201Z] {"tool":"desktop","action":"type","content":"Mahindra Singh Dhoni"}
[2026-02-16T09:07:59.481Z] {"tool":"desktop","action":"keypress","key":"enter","delay_ms":1000}
[2026-02-16T09:09:28.436Z] {"tool":"desktop","action":"type","content":"jevayla jat aahe"}
[2026-02-16T09:09:31.657Z] {"tool":"desktop","action":"keypress","key":"enter","delay_ms":3000}
[2026-02-16T09:26:52.422Z] {"tool":"desktop","action":"keypress","key":"enter","delay_ms":5000}
[2026-02-16T09:38:31.560Z] {"tool":"desktop","action":"keypress","key":"enter","delay_ms":2000}
[2026-02-16T11:11:51.225Z] {"tool":"desktop","action":"keypress","key":"enter","delay_ms":3000}
[2026-02-16T11:13:04.573Z] {"tool":"desktop","action":"type","content":"\n"}
[2026-02-16T15:57:28.426Z] {"tool":"desktop","action":"keypress","key":"enter","delay_ms":2000}
[2026-02-16T16:20:28.371Z] {"tool":"desktop","action":"type","content":"C:\\Users\\athar\\Downloads\\ME 261 LAB REPORT Experiment number – Name of the Exp  Exp - 4 3D PRINTING (AM) Experiment Group number  G14_13 Name  Patil Atharv Krishnat Roll number  240740 Date and Day experiment was conducte.pdf"}
[2026-02-16T16:20:30.637Z] {"tool":"desktop","action":"keypress","key":"enter","delay_ms":2000}
[2026-02-16T16:46:29.049Z] {"tool":"desktop","action":"type","content":"C:\\Users\\athar\\Downloads\\ME 261 LAB REPORT Experiment number – Name of the Exp  Exp - 4 3D PRINTING (AM) Experiment Group number  G14_13 Name  Patil Atharv Krishnat Roll number  240740 Date and Day experiment was conducte.pdf"}
[2026-02-16T16:46:31.333Z] {"tool":"desktop","action":"keypress","key":"enter","delay_ms":2000}
[2026-02-16T16:46:33.468Z] {"tool":"desktop","action":"click","x":500,"y":300,"button":"left"}
[2026-02-16T18:10:33.533Z] {"tool":"desktop","action":"keypress","key":"f8","delay_ms":0}
[2026-02-16T18:11:22.227Z] {"tool":"desktop","action":"keypress","key":"f8","delay_ms":500}
[2026-02-17T10:05:56.973Z] {"tool":"desktop","action":"type","content":"atharv@2006"}
[2026-02-17T11:51:33.987Z] {"tool":"desktop","action":"type","content":"{ENTER}"}
[2026-02-17T20:20:38.202Z] {"tool":"desktop","action":"click","x":0,"y":0,"button":"left"}
[2026-02-17T20:22:30.634Z] {"tool":"desktop","action":"click","x":0,"y":0,"button":"left"}
[2026-02-17T21:01:11.051Z] {"tool":"desktop","action":"click","x":0,"y":0,"button":"left"}
[2026-02-18T06:12:20.294Z] {"tool":"desktop","action":"keypress","key":"enter","delay_ms":3000}
[2026-02-19T08:35:39.493Z] {"tool":"desktop","action":"keypress","key":"enter","delay_ms":3000}
[2026-02-20T17:42:29.332Z] {"tool":"desktop","action":"click","x":0,"y":0,"button":"left"}
